objc[1663]: Class AVFFrameReceiver is implemented in both /Users/kuba/Git/UM_ACT_LEROBOT/.venv/lib/python3.12/site-packages/av/.dylibs/libavdevice.61.3.100.dylib (0x1157c43a8) and /Users/kuba/Git/UM_ACT_LEROBOT/.venv/lib/python3.12/site-packages/cv2/.dylibs/libavdevice.61.3.100.dylib (0x12f7b83a8). This may cause spurious casting failures and mysterious crashes. One of the duplicates must be removed or renamed.
objc[1663]: Class AVFAudioReceiver is implemented in both /Users/kuba/Git/UM_ACT_LEROBOT/.venv/lib/python3.12/site-packages/av/.dylibs/libavdevice.61.3.100.dylib (0x1157c43f8) and /Users/kuba/Git/UM_ACT_LEROBOT/.venv/lib/python3.12/site-packages/cv2/.dylibs/libavdevice.61.3.100.dylib (0x12f7b83f8). This may cause spurious casting failures and mysterious crashes. One of the duplicates must be removed or renamed.
Fetching 29 files:   0%|          | 0/29 [00:00<?, ?it/s]Fetching 29 files:   0%|          | 0/29 [00:00<?, ?it/s]
Traceback (most recent call last):
  File "/Users/kuba/.local/share/uv/python/cpython-3.12.13-macos-aarch64-none/lib/python3.12/pathlib.py", line 1311, in mkdir
    os.mkdir(self, mode)
FileNotFoundError: [Errno 2] No such file or directory: '/workspace/datasets/W1ndrunn3rr/pick_and_lift_v2/.cache/huggingface'

During handling of the above exception, another exception occurred:

Traceback (most recent call last):
  File "/Users/kuba/.local/share/uv/python/cpython-3.12.13-macos-aarch64-none/lib/python3.12/pathlib.py", line 1311, in mkdir
    os.mkdir(self, mode)
FileNotFoundError: [Errno 2] No such file or directory: '/workspace/datasets/W1ndrunn3rr/pick_and_lift_v2/.cache'

During handling of the above exception, another exception occurred:

Traceback (most recent call last):
  File "/Users/kuba/.local/share/uv/python/cpython-3.12.13-macos-aarch64-none/lib/python3.12/pathlib.py", line 1311, in mkdir
    os.mkdir(self, mode)
FileNotFoundError: [Errno 2] No such file or directory: '/workspace/datasets/W1ndrunn3rr/pick_and_lift_v2'

During handling of the above exception, another exception occurred:

Traceback (most recent call last):
  File "/Users/kuba/.local/share/uv/python/cpython-3.12.13-macos-aarch64-none/lib/python3.12/pathlib.py", line 1311, in mkdir
    os.mkdir(self, mode)
FileNotFoundError: [Errno 2] No such file or directory: '/workspace/datasets/W1ndrunn3rr'

During handling of the above exception, another exception occurred:

Traceback (most recent call last):
  File "/Users/kuba/.local/share/uv/python/cpython-3.12.13-macos-aarch64-none/lib/python3.12/pathlib.py", line 1311, in mkdir
    os.mkdir(self, mode)
FileNotFoundError: [Errno 2] No such file or directory: '/workspace/datasets'

During handling of the above exception, another exception occurred:

Traceback (most recent call last):
  File "<frozen runpy>", line 198, in _run_module_as_main
  File "<frozen runpy>", line 88, in _run_code
  File "/Users/kuba/Git/UM_ACT_LEROBOT/src/scripts/train.py", line 227, in <module>
    main(sys.argv[1])
  File "/Users/kuba/Git/UM_ACT_LEROBOT/src/scripts/train.py", line 58, in main
    snapshot_download(
  File "/Users/kuba/Git/UM_ACT_LEROBOT/.venv/lib/python3.12/site-packages/huggingface_hub/utils/_validators.py", line 88, in _inner_fn
    return fn(*args, **kwargs)
           ^^^^^^^^^^^^^^^^^^^
  File "/Users/kuba/Git/UM_ACT_LEROBOT/.venv/lib/python3.12/site-packages/huggingface_hub/_snapshot_download.py", line 455, in snapshot_download
    thread_map(
  File "/Users/kuba/Git/UM_ACT_LEROBOT/.venv/lib/python3.12/site-packages/tqdm/contrib/concurrent.py", line 69, in thread_map
    return _executor_map(ThreadPoolExecutor, fn, *iterables, **tqdm_kwargs)
           ^^^^^^^^^^^^^^^^^^^^^^^^^^^^^^^^^^^^^^^^^^^^^^^^^^^^^^^^^^^^^^^^
  File "/Users/kuba/Git/UM_ACT_LEROBOT/.venv/lib/python3.12/site-packages/tqdm/contrib/concurrent.py", line 51, in _executor_map
    return list(tqdm_class(ex.map(fn, *iterables, chunksize=chunksize), **kwargs))
           ^^^^^^^^^^^^^^^^^^^^^^^^^^^^^^^^^^^^^^^^^^^^^^^^^^^^^^^^^^^^^^^^^^^^^^^
  File "/Users/kuba/Git/UM_ACT_LEROBOT/.venv/lib/python3.12/site-packages/tqdm/std.py", line 1181, in __iter__
    for obj in iterable:
               ^^^^^^^^
  File "/Users/kuba/.local/share/uv/python/cpython-3.12.13-macos-aarch64-none/lib/python3.12/concurrent/futures/_base.py", line 619, in result_iterator
    yield _result_or_cancel(fs.pop())
          ^^^^^^^^^^^^^^^^^^^^^^^^^^^
  File "/Users/kuba/.local/share/uv/python/cpython-3.12.13-macos-aarch64-none/lib/python3.12/concurrent/futures/_base.py", line 317, in _result_or_cancel
    return fut.result(timeout)
           ^^^^^^^^^^^^^^^^^^^
  File "/Users/kuba/.local/share/uv/python/cpython-3.12.13-macos-aarch64-none/lib/python3.12/concurrent/futures/_base.py", line 449, in result
    return self.__get_result()
           ^^^^^^^^^^^^^^^^^^^
  File "/Users/kuba/.local/share/uv/python/cpython-3.12.13-macos-aarch64-none/lib/python3.12/concurrent/futures/_base.py", line 401, in __get_result
    raise self._exception
  File "/Users/kuba/.local/share/uv/python/cpython-3.12.13-macos-aarch64-none/lib/python3.12/concurrent/futures/thread.py", line 59, in run
    result = self.fn(*self.args, **self.kwargs)
             ^^^^^^^^^^^^^^^^^^^^^^^^^^^^^^^^^^
  File "/Users/kuba/Git/UM_ACT_LEROBOT/.venv/lib/python3.12/site-packages/huggingface_hub/_snapshot_download.py", line 435, in _inner_hf_hub_download
    hf_hub_download(  # type: ignore
  File "/Users/kuba/Git/UM_ACT_LEROBOT/.venv/lib/python3.12/site-packages/huggingface_hub/utils/_validators.py", line 88, in _inner_fn
    return fn(*args, **kwargs)
           ^^^^^^^^^^^^^^^^^^^
  File "/Users/kuba/Git/UM_ACT_LEROBOT/.venv/lib/python3.12/site-packages/huggingface_hub/file_download.py", line 976, in hf_hub_download
    return _hf_hub_download_to_local_dir(
           ^^^^^^^^^^^^^^^^^^^^^^^^^^^^^^
  File "/Users/kuba/Git/UM_ACT_LEROBOT/.venv/lib/python3.12/site-packages/huggingface_hub/file_download.py", line 1264, in _hf_hub_download_to_local_dir
    paths = get_local_download_paths(local_dir=local_dir, filename=filename)
            ^^^^^^^^^^^^^^^^^^^^^^^^^^^^^^^^^^^^^^^^^^^^^^^^^^^^^^^^^^^^^^^^
  File "/Users/kuba/Git/UM_ACT_LEROBOT/.venv/lib/python3.12/site-packages/huggingface_hub/_local_folder.py", line 223, in get_local_download_paths
    metadata_path = _huggingface_dir(local_dir) / "download" / f"{sanitized_filename}.metadata"
                    ^^^^^^^^^^^^^^^^^^^^^^^^^^^
  File "/Users/kuba/Git/UM_ACT_LEROBOT/.venv/lib/python3.12/site-packages/huggingface_hub/_local_folder.py", line 434, in _huggingface_dir
    path.mkdir(exist_ok=True, parents=True)
  File "/Users/kuba/.local/share/uv/python/cpython-3.12.13-macos-aarch64-none/lib/python3.12/pathlib.py", line 1315, in mkdir
    self.parent.mkdir(parents=True, exist_ok=True)
  File "/Users/kuba/.local/share/uv/python/cpython-3.12.13-macos-aarch64-none/lib/python3.12/pathlib.py", line 1315, in mkdir
    self.parent.mkdir(parents=True, exist_ok=True)
  File "/Users/kuba/.local/share/uv/python/cpython-3.12.13-macos-aarch64-none/lib/python3.12/pathlib.py", line 1315, in mkdir
    self.parent.mkdir(parents=True, exist_ok=True)
  [Previous line repeated 2 more times]
  File "/Users/kuba/.local/share/uv/python/cpython-3.12.13-macos-aarch64-none/lib/python3.12/pathlib.py", line 1311, in mkdir
    os.mkdir(self, mode)
OSError: [Errno 30] Read-only file system: '/workspace'
